\BOOKMARK [1][-]{Doc-Start}{\376\377\004\045\004\103\004\100\004\060\004\060\004\075\004\063\004\103\004\071}{}% 1
\BOOKMARK [1][-]{Doc-Start}{\376\377\004\042\004\076\004\062\004\107\004\073\004\076\004\073\004\113\004\075\000\040\004\066\004\060\004\063\004\101\004\060\004\060\004\073\004\102}{}% 2
\BOOKMARK [1][-]{section*.1}{\376\377\000C\000o\000n\000t\000e\000n\000t\000s}{}% 3
\BOOKMARK [1][-]{section.1}{\376\377\004\043\004\064\004\070\004\100\004\102\004\063\004\060\004\073}{}% 4
\BOOKMARK [2][-]{subsection.1.1}{\376\377\004\041\004\103\004\064\004\060\004\073\004\063\004\060\004\060\004\075\004\113\000\040\004\257\004\075\004\064\004\115\004\101\004\073\004\115\004\073}{section.1}% 5
\BOOKMARK [2][-]{subsection.1.2}{\376\377\004\041\004\103\004\064\004\060\004\073\004\063\004\060\004\060\004\075\004\113\000\040\004\067\004\076\004\100\004\070\004\073\004\063\004\076}{section.1}% 6
\BOOKMARK [2][-]{subsection.1.3}{\376\377\004\041\004\103\004\064\004\060\004\073\004\063\004\060\004\060\004\075\004\113\000\040\004\067\004\076\004\100\004\070\004\073\004\102\004\103\004\103\004\064}{section.1}% 7
\BOOKMARK [2][-]{subsection.1.4}{\376\377\004\041\004\103\004\064\004\060\004\073\004\063\004\060\004\060\004\075\004\113\000\040\004\060\004\107\000\040\004\105\004\076\004\073\004\061\004\076\004\063\004\064\004\076\004\073}{section.1}% 8
\BOOKMARK [3][-]{subsubsection.1.4.1}{\376\377\004\037\004\100\004\060\004\072\004\102\004\070\004\072\000\040\004\060\004\107\000\040\004\105\004\076\004\073\004\061\004\076\004\063\004\064\004\076\004\073}{subsection.1.4}% 9
\BOOKMARK [3][-]{subsubsection.1.4.2}{\376\377\004\035\004\070\004\071\004\063\004\115\004\074\000,\000\040\004\115\004\064\004\070\004\071\004\075\000\040\004\067\004\060\004\101\004\063\004\070\004\071\004\075\000\040\004\060\004\107\000\040\004\105\004\076\004\073\004\061\004\076\004\063\004\064\004\076\004\073}{subsection.1.4}% 10
\BOOKMARK [2][-]{subsection.1.5}{\376\377\004\041\004\103\004\064\004\060\004\073\004\063\004\060\004\060\004\075\004\113\000\040\004\105\004\060\004\074\004\100\004\060\004\105\000\040\004\105\004\257\004\100\004\115\004\115\000\040\004\061\004\060\000\040\004\105\004\117\004\067\004\063\004\060\004\060\004\100\004\073\004\060\004\073\004\102}{section.1}% 11
\BOOKMARK [3][-]{subsubsection.1.5.1}{\376\377\004\045\004\060\004\074\004\100\004\060\004\105\000\040\004\105\004\257\004\100\004\115\004\115}{subsection.1.5}% 12
\BOOKMARK [3][-]{subsubsection.1.5.2}{\376\377\004\045\004\117\004\067\004\063\004\060\004\060\004\100\004\073\004\060\004\073\004\102}{subsection.1.5}% 13
\BOOKMARK [2][-]{subsection.1.6}{\376\377\004\024\004\070\004\077\004\073\004\076\004\074\004\113\004\075\000\040\004\060\004\066\004\073\004\113\004\075\000\040\004\061\004\257\004\102\004\115\004\106}{section.1}% 14
\BOOKMARK [1][-]{section.2}{\376\377\004\036\004\075\004\076\004\073\004\113\004\075\000\040\004\061\004\076\004\073\004\076\004\075\000\040\004\105\004\060\004\100\004\114\004\106\004\103\004\103\004\073\004\101\004\060\004\075\000\040\004\101\004\103\004\064\004\060\004\073\004\063\004\060\004\060}{}% 15
\BOOKMARK [2][-]{subsection.2.1}{\376\377\004\036\004\075\004\076\004\073\004\113\004\075\000\040\004\101\004\103\004\064\004\060\004\073\004\063\004\060\004\060}{section.2}% 16
\BOOKMARK [3][-]{subsubsection.2.1.1}{\376\377\004\035\004\070\004\071\004\073\004\257\004\257\004\073\004\115\004\073\004\102\004\070\004\071\004\075\000\040\004\101\004\257\004\073\004\066\004\115\004\115\004\075\004\070\004\071\000\040\004\103\004\064\004\070\004\100\004\064\004\073\004\060\004\063\004\060\000\040\000\050\000S\000C\000M\000\051}{subsection.2.1}% 17
\BOOKMARK [3][-]{subsubsection.2.1.2}{\376\377\000B\0002\000B\000\040\004\042\004\257\004\063\004\115\004\115\004\073\004\102\004\070\004\071\004\075\000\040\004\077\004\100\004\076\004\106\004\065\004\101\004\101\000\040\004\061\004\060\000\040\004\076\004\075\004\106\004\073\004\076\004\063}{subsection.2.1}% 18
\BOOKMARK [3][-]{subsubsection.2.1.3}{\376\377\000L\000a\000s\000t\000-\000M\000i\000l\000e\000\040\000D\000e\000l\000i\000v\000e\000r\000y\000\040\000\050\004\041\004\257\004\257\004\073\004\070\004\071\004\075\000\040\004\106\004\115\004\063\004\070\004\071\004\075\000\040\004\105\004\257\004\100\004\063\004\115\004\073\004\102\000\051}{subsection.2.1}% 19
\BOOKMARK [3][-]{subsubsection.2.1.4}{\376\377\004\034\004\060\004\100\004\110\004\100\004\103\004\102\004\113\004\075\000\040\004\076\004\075\004\076\004\062\004\107\004\073\004\076\004\073\000\040\000\050\000R\000o\000u\000t\000e\000\040\000O\000p\000t\000i\000m\000i\000z\000a\000t\000i\000o\000n\000\051}{subsection.2.1}% 20
\BOOKMARK [3][-]{subsubsection.2.1.5}{\376\377\004\055\004\073\004\065\004\072\004\102\004\100\004\076\004\075\000\040\004\061\004\060\004\100\004\070\004\074\004\102\000\040\004\061\004\070\004\107\004\070\004\063\000\040\000\050\000e\000-\000P\000O\000D\000\051}{subsection.2.1}% 21
\BOOKMARK [2][-]{subsection.2.2}{\376\377\004\042\004\065\004\105\004\075\004\076\004\073\004\076\004\063\004\070\004\071\004\075\000\040\004\101\004\103\004\064\004\060\004\073\004\063\004\060\004\060}{section.2}% 22
\BOOKMARK [3][-]{subsubsection.2.2.1}{\376\377\004\037\004\100\004\076\004\063\004\100\004\060\004\074\004\107\004\073\004\060\004\073\004\113\004\075\000\040\004\105\004\115\004\073}{subsection.2.2}% 23
\BOOKMARK [3][-]{subsubsection.2.2.2}{\376\377\000F\000r\000a\000m\000e\000w\000o\000r\000k\000\040\004\061\004\060\000\040\000P\000l\000a\000t\000f\000o\000r\000m}{subsection.2.2}% 24
\BOOKMARK [3][-]{subsubsection.2.2.3}{\376\377\000D\000a\000t\000a\000b\000a\000s\000e\000\040\004\061\004\060\000\040\000B\000a\000c\000k\000e\000n\000d\000\040\000\050\000F\000i\000r\000e\000b\000a\000s\000e\000\051}{subsection.2.2}% 25
\BOOKMARK [3][-]{subsubsection.2.2.4}{\376\377\000N\000o\000S\000Q\000L\000\040\004\061\004\060\000\040\000A\000t\000o\000m\000i\000c\000\040\000D\000e\000n\000o\000r\000m\000a\000l\000i\000z\000a\000t\000i\000o\000n}{subsection.2.2}% 26
\BOOKMARK [3][-]{subsubsection.2.2.5}{\376\377\004\035\004\060\004\062\004\070\004\063\004\060\004\106\004\070\000\040\000\050\000N\000a\000v\000i\000g\000a\000t\000i\000o\000n\000\051}{subsection.2.2}% 27
\BOOKMARK [3][-]{subsubsection.2.2.6}{\376\377\000U\000I\000/\000U\000X\000\040\004\041\004\060\004\075\004\063\004\103\004\103\004\064}{subsection.2.2}% 28
\BOOKMARK [3][-]{subsubsection.2.2.7}{\376\377\000E\000x\000p\000o\000\040\000S\000D\000K\000\040\004\041\004\060\004\075\004\063\004\103\004\103\004\064}{subsection.2.2}% 29
\BOOKMARK [3][-]{subsubsection.2.2.8}{\376\377\000S\000t\000a\000t\000e\000\040\000M\000a\000n\000a\000g\000e\000m\000e\000n\000t\000\040\004\061\004\060\000\040\000S\000t\000o\000r\000a\000g\000e}{subsection.2.2}% 30
\BOOKMARK [3][-]{subsubsection.2.2.9}{\376\377\000N\000e\000t\000w\000o\000r\000k\000\040\004\061\004\060\000\040\000A\000P\000I}{subsection.2.2}% 31
\BOOKMARK [3][-]{subsubsection.2.2.10}{\376\377\000A\000n\000i\000m\000a\000t\000i\000o\000n\000\040\004\061\004\060\000\040\000G\000e\000s\000t\000u\000r\000e\000s}{subsection.2.2}% 32
\BOOKMARK [3][-]{subsubsection.2.2.11}{\376\377\004\045\004\351\004\063\004\066\004\257\004\257\004\073\004\115\004\073\004\102\004\070\004\071\004\075\000\040\004\105\004\115\004\100\004\115\004\063\004\101\004\073\004\257\004\257\004\064\000\040\000\050\000D\000e\000v\000e\000l\000o\000p\000m\000e\000n\000t\000\040\000T\000o\000o\000l\000s\000\051}{subsection.2.2}% 33
\BOOKMARK [3][-]{subsubsection.2.2.12}{\376\377\004\042\004\065\004\105\004\075\004\076\004\073\004\076\004\063\004\070\004\071\004\075\000\040\004\101\004\102\004\065\004\072\004\070\004\071\004\075\000\040\004\075\004\115\004\063\004\102\004\063\004\115\004\073}{subsection.2.2}% 34
\BOOKMARK [2][-]{subsection.2.3}{\376\377\004\030\004\066\004\070\004\073\000\040\004\102\004\351\004\101\004\102\004\115\004\071\000\040\004\101\004\070\004\101\004\102\004\065\004\074\004\257\004\257\004\064\004\070\004\071\004\075\000\040\004\105\004\060\004\100\004\114\004\106\004\103\004\103\004\073\004\060\004\073\004\102}{section.2}% 35
\BOOKMARK [3][-]{subsubsection.2.3.1}{\376\377\004\045\004\060\004\100\004\114\004\106\004\103\004\103\004\073\004\101\004\060\004\075\000\040\004\064\004\257\004\063\004\075\004\115\004\073\004\102}{subsection.2.3}% 36
\BOOKMARK [1][-]{section.3}{\376\377\004\041\004\103\004\064\004\060\004\073\004\063\004\060\004\060\004\075\004\113\000\040\004\060\004\100\004\063\004\060\000\040\004\067\004\257\004\071}{}% 37
\BOOKMARK [2][-]{subsection.3.1}{\376\377\004\045\004\351\004\063\004\066\004\257\004\257\004\073\004\115\004\073\004\102\004\070\004\071\004\075\000\040\004\060\004\100\004\063\004\060\000\040\004\067\004\257\004\071}{section.3}% 38
\BOOKMARK [2][-]{subsection.3.2}{\376\377\004\041\004\070\004\101\004\102\004\065\004\074\004\070\004\071\004\075\000\040\004\110\004\070\004\075\004\066\004\070\004\073\004\063\004\115\004\115}{section.3}% 39
\BOOKMARK [3][-]{subsubsection.3.2.1}{\376\377\004\045\004\115\004\100\004\115\004\063\004\073\004\115\004\063\004\107\004\070\004\071\004\075\000\040\004\060\004\075\004\063\004\070\004\073\004\060\004\073}{subsection.3.2}% 40
\BOOKMARK [3][-]{subsubsection.3.2.2}{\376\377\004\044\004\103\004\075\004\072\004\106\004\070\004\076\004\075\004\060\004\073\004\114\000\040\004\110\004\060\004\060\004\100\004\064\004\073\004\060\004\063\004\060}{subsection.3.2}% 41
\BOOKMARK [3][-]{subsubsection.3.2.3}{\376\377\004\044\004\103\004\075\004\072\004\106\004\070\004\076\004\075\004\060\004\073\004\114\000\040\004\061\004\103\004\101\000\040\004\110\004\060\004\060\004\100\004\064\004\073\004\060\004\063\004\060}{subsection.3.2}% 42
\BOOKMARK [3][-]{subsubsection.3.2.4}{\376\377\004\045\004\115\004\100\004\115\004\063\004\073\004\115\004\115\004\075\004\070\004\071\000\040\004\102\004\076\004\105\004\070\004\076\004\073\004\064\004\073\004\113\004\075\000\040\004\064\004\070\004\060\004\063\004\100\004\060\004\074\004\074\000\040\000\050\000U\000s\000e\000\040\000C\000a\000s\000e\000\040\000D\000i\000a\000g\000r\000a\000m\000\051}{subsection.3.2}% 43
\BOOKMARK [3][-]{subsubsection.3.2.5}{\376\377\004\256\004\071\004\073\000\040\004\060\004\066\004\070\004\073\004\073\004\060\004\063\004\060\004\060\004\075\004\113\000\040\004\064\004\070\004\060\004\063\004\100\004\060\004\074\004\074\000\040\000\050\000A\000c\000t\000i\000v\000i\000t\000y\000\040\000D\000i\000a\000g\000r\000a\000m\000\051}{subsection.3.2}% 44
\BOOKMARK [2][-]{subsection.3.3}{\376\377\004\041\004\070\004\101\004\102\004\065\004\074\004\070\004\071\004\075\000\040\004\060\004\100\004\105\004\070\004\102\004\065\004\072\004\102\004\103\004\100}{section.3}% 45
\BOOKMARK [3][-]{subsubsection.3.3.1}{\376\377\004\042\004\065\004\105\004\075\004\076\004\073\004\076\004\063\004\070\004\071\004\075\000\040\004\101\004\076\004\075\004\063\004\076\004\073\004\102}{subsection.3.3}% 46
\BOOKMARK [2][-]{subsection.3.4}{\376\377\004\350\004\063\004\351\004\063\004\064\004\073\004\070\004\071\004\075\000\040\004\101\004\060\004\075\004\063\004\070\004\071\004\075\000\040\004\067\004\076\004\105\004\070\004\076\004\074\004\066\000\040\000\050\000E\000R\000D\000\051}{section.3}% 47
\BOOKMARK [3][-]{subsubsection.3.4.1}{\376\377\004\350\004\063\004\351\004\063\004\064\004\073\004\070\004\071\004\075\000\040\004\101\004\060\004\075\004\063\004\070\004\071\004\075\000\040\004\061\004\257\004\102\004\115\004\106\000\040\000\050\000S\000c\000h\000e\000m\000a\000\051}{subsection.3.4}% 48
\BOOKMARK [2][-]{subsection.3.5}{\376\377\004\020\004\073\004\063\004\076\004\100\004\070\004\102\004\074\000\040\004\061\004\060\000\040\004\033\004\076\004\063\004\070\004\072\000\040\004\110\004\070\004\071\004\064\004\115\004\073}{section.3}% 49
\BOOKMARK [3][-]{subsubsection.3.5.1}{\376\377\004\020\004\102\004\076\004\074\004\070\004\072\000\040\004\024\004\065\004\075\004\076\004\100\004\074\004\060\004\073\004\070\004\067\004\060\004\106\004\070\000\040\000\050\000A\000t\000o\000m\000i\000c\000\040\000D\000e\000n\000o\000r\000m\000a\000l\000i\000z\000a\000t\000i\000o\000n\000\051}{subsection.3.5}% 50
\BOOKMARK [3][-]{subsubsection.3.5.2}{\376\377\004\021\004\076\004\064\004\070\004\102\000\040\004\106\004\060\004\063\004\070\004\071\004\075\000\040\004\067\004\060\004\105\004\070\004\060\004\073\004\063\004\113\004\075\000\040\004\103\004\064\004\070\004\100\004\064\004\073\004\060\004\063\004\060}{subsection.3.5}% 51
\BOOKMARK [2][-]{subsection.3.6}{\376\377\004\042\004\065\004\101\004\102\004\073\004\115\004\073\004\102}{section.3}% 52
\BOOKMARK [1][-]{section.4}{\376\377\004\041\004\103\004\064\004\060\004\073\004\063\004\060\004\060\004\075\004\113\000\040\004\257\004\100\000\040\004\064\004\257\004\075}{}% 53
\BOOKMARK [2][-]{subsection.4.1}{\376\377\004\041\004\070\004\101\004\102\004\065\004\074\004\070\004\071\004\075\000\040\004\105\004\115\004\100\004\115\004\063\004\066\004\257\004\257\004\073\004\115\004\073\004\102}{section.4}% 54
\BOOKMARK [3][-]{subsubsection.4.1.1}{\376\377\004\045\004\115\004\100\004\115\004\063\004\073\004\115\004\063\004\107\004\070\004\071\004\075\000\040\004\070\004\075\004\102\004\065\004\100\004\104\004\115\004\071\004\101\000\040\000\050\000U\000I\000\051}{subsection.4.1}% 55
\BOOKMARK [2][-]{subsection.4.2}{\376\377\004\045\004\076\004\121\004\100\000\040\004\102\004\060\004\073\004\102\000\040\004\067\004\060\004\105\004\070\004\060\004\073\004\063\004\113\004\075\000\040\004\103\004\064\004\070\004\100\004\064\004\073\004\060\004\063\004\060\000\040\000\050\000T\000w\000o\000-\000S\000i\000d\000e\000d\000\040\000O\000r\000d\000e\000r\000\040\000M\000a\000n\000a\000g\000e\000m\000e\000n\000t\000\051}{section.4}% 56
\BOOKMARK [3][-]{subsubsection.4.2.1}{\376\377\004\027\004\060\004\105\004\070\004\060\004\073\004\060\004\063\004\107\004\070\004\071\004\075\000\040\004\105\004\115\004\101\004\115\004\063\000\040\000\050\000M\000y\000\040\000O\000r\000d\000e\000r\000s\000\051}{subsection.4.2}% 57
\BOOKMARK [3][-]{subsubsection.4.2.2}{\376\377\004\045\004\257\004\100\004\063\004\115\004\063\004\107\004\070\004\071\004\075\000\040\004\105\004\115\004\101\004\115\004\063\000\040\000\050\000M\000y\000\040\000D\000e\000l\000i\000v\000e\000r\000i\000e\000s\000\051}{subsection.4.2}% 58
\BOOKMARK [2][-]{subsection.4.3}{\376\377\004\032\004\076\004\064\004\107\004\070\004\073\004\073\004\113\004\075\000\040\004\105\004\115\004\101\004\115\004\063}{section.4}% 59
\BOOKMARK [3][-]{subsubsection.4.3.1}{\376\377\000F\000i\000r\000e\000b\000a\000s\000e\000\040\004\102\004\076\004\105\004\070\004\100\004\063\004\076\004\076\000\040\004\061\004\060\000\040\004\045\004\076\004\073\004\061\004\076\004\073\004\102}{subsection.4.3}% 60
\BOOKMARK [3][-]{subsubsection.4.3.2}{\376\377\004\027\004\060\004\105\004\070\004\060\004\073\004\063\004\060\000\040\004\257\004\257\004\101\004\063\004\115\004\105\000\040\004\104\004\103\004\075\004\072\004\106}{subsection.4.3}% 61
\BOOKMARK [3][-]{subsubsection.4.3.3}{\376\377\004\021\004\076\004\064\004\070\004\102\000\040\004\106\004\060\004\063\004\070\004\071\004\075\000\040\004\105\004\117\004\075\004\060\004\073\004\102\000\040\000\050\000R\000e\000a\000l\000-\000t\000i\000m\000e\000\040\000L\000i\000s\000t\000e\000n\000e\000r\000\051}{subsection.4.3}% 62
\BOOKMARK [2][-]{subsection.4.4}{\376\377\004\037\004\100\004\076\004\106\004\065\004\101\004\101\004\113\004\075\000\040\004\106\004\060\004\105\004\070\004\074\004\066\004\103\004\103\004\073\004\060\004\073\004\102\004\113\004\075\000\040\004\257\004\100\000\040\004\064\004\257\004\075}{section.4}% 63
\BOOKMARK [2][-]{subsection.4.5}{\376\377\004\046\004\060\004\105\004\070\004\074\000\040\004\061\004\060\004\100\004\070\004\074\004\102\000\040\004\061\004\070\004\107\004\070\004\063\000\040\000\050\000e\000-\000P\000O\000D\000\051\000\040\004\075\004\115\004\062\004\102\004\100\004\257\004\257\004\073\004\115\004\073\004\102}{section.4}% 64
\BOOKMARK [2][-]{subsection.4.6}{\376\377\004\034\004\060\004\100\004\110\004\100\004\103\004\102\000\040\004\076\004\075\004\076\004\062\004\107\004\073\004\076\004\073\004\113\004\075\000\040\004\257\004\100\000\040\004\064\004\257\004\075}{section.4}% 65
\BOOKMARK [2][-]{subsection.4.7}{\376\377\004\045\004\115\004\073\004\115\004\073\004\106\004\257\004\257\004\073\004\115\004\063}{section.4}% 66
\BOOKMARK [1][-]{section.5}{\376\377\004\024\004\257\004\063\004\075\004\115\004\073\004\102}{}% 67
\BOOKMARK [2][-]{subsection.5.1}{\376\377\004\045\004\257\004\100\004\101\004\115\004\075\000\040\004\257\004\100\000\040\004\064\004\257\004\075}{section.5}% 68
\BOOKMARK [2][-]{subsection.5.2}{\376\377\004\042\004\103\004\073\004\063\004\060\004\100\004\101\004\060\004\075\000\040\004\061\004\115\004\100\004\105\004\110\004\115\004\115\004\073\000\040\004\061\004\060\000\040\004\110\004\070\004\071\004\064\004\115\004\073}{section.5}% 69
\BOOKMARK [2][-]{subsection.5.3}{\376\377\004\046\004\060\004\060\004\110\004\064\004\113\004\075\000\040\004\105\004\351\004\063\004\066\004\257\004\257\004\073\004\115\004\073\004\102}{section.5}% 70
\BOOKMARK [1][-]{section.6}{\376\377\004\350\004\063\004\351\004\063\004\064\004\073\004\070\004\071\004\075\000\040\004\023\004\060\004\100\004\060\004\073\000\040\004\256\004\257\004\101\004\073\004\070\004\071\004\075\000\040\004\041\004\070\004\101\004\102\004\065\004\074}{}% 71
\BOOKMARK [2][-]{subsection.6.1}{\376\377\004\043\004\100\004\060\004\075\000\040\004\067\004\076\004\105\004\070\004\076\004\073\004\113\004\075\000\040\004\102\004\076\004\071\004\074}{section.6}% 72
\BOOKMARK [2][-]{subsection.6.2}{\376\377\004\043\004\064\004\070\004\100\004\102\004\063\004\060\004\073}{section.6}% 73
\BOOKMARK [2][-]{subsection.6.3}{\376\377\004\350\004\063\004\351\004\063\004\064\004\073\004\070\004\071\004\075\000\040\004\063\004\060\004\100\004\060\004\073\000\040\004\257\004\257\004\101\004\115\004\073}{section.6}% 74
\BOOKMARK [3][-]{subsubsection.6.3.1}{\376\377\004\350\004\063\004\351\004\063\004\064\004\073\004\070\004\071\004\075\000\040\004\063\004\060\004\100\004\060\004\073\000\040\004\257\004\257\004\101\004\073\004\070\004\071\004\075\000\040\004\102\004\351\004\100\004\073\004\257\004\257\004\064}{subsection.6.3}% 75
\BOOKMARK [3][-]{subsubsection.6.3.2}{\376\377\004\023\004\060\004\100\004\060\004\073\000\040\004\257\004\257\004\101\004\073\004\070\004\071\004\075\000\040\004\075\004\060\004\100\004\070\004\071\004\062\004\107\004\073\004\060\004\073}{subsection.6.3}% 76
\BOOKMARK [2][-]{subsection.6.4}{\376\377\004\045\004\060\004\074\004\100\004\060\004\105\000\040\004\105\004\257\004\100\004\115\004\115}{section.6}% 77
\BOOKMARK [3][-]{subsubsection.6.4.1}{\376\377\004\045\004\060\004\074\004\100\004\060\004\105\000\040\004\105\004\257\004\100\004\115\004\115\004\075\004\064\000\040\004\061\004\060\004\063\004\102\004\060\004\105}{subsection.6.4}% 78
\BOOKMARK [3][-]{subsubsection.6.4.2}{\376\377\004\045\004\060\004\074\004\100\004\060\004\105\000\040\004\105\004\257\004\100\004\115\004\115\004\075\004\064\000\040\004\061\004\060\004\063\004\102\004\060\004\105\004\063\004\257\004\071}{subsection.6.4}% 79
\BOOKMARK [2][-]{subsection.6.5}{\376\377\004\350\004\063\004\351\004\063\004\064\004\073\004\070\004\071\004\075\000\040\004\063\004\060\004\100\004\060\004\073\000\040\004\257\004\257\004\101\004\073\004\070\004\071\004\075\000\040\004\107\004\103\004\105\004\060\004\073\000\040\004\102\004\076\004\064\004\076\004\100\004\105\004\076\004\071\004\073\004\076\004\073\004\102\004\103\004\103\004\064}{section.6}% 80
\BOOKMARK [2][-]{subsection.6.6}{\376\377\004\027\004\076\004\105\004\070\004\076\004\074\004\066}{section.6}% 81
\BOOKMARK [3][-]{subsubsection.6.6.1}{\376\377\004\020\004\100\004\105\004\070\004\102\004\065\004\072\004\102\004\103\004\100\004\113\004\075\000\040\004\067\004\060\004\100\004\107\004\074\004\103\004\103\004\064}{subsection.6.6}% 82
\BOOKMARK [3][-]{subsubsection.6.6.2}{\376\377\004\041\004\070\004\101\004\102\004\065\004\074\004\070\004\071\004\075\000\040\004\061\004\257\004\100\004\115\004\073\004\064\004\115\004\105\004\257\004\257\004\075\000\040\004\105\004\115\004\101\004\063\004\257\004\257\004\064}{subsection.6.6}% 83
\BOOKMARK [3][-]{subsubsection.6.6.3}{\376\377\004\042\004\065\004\105\004\075\004\076\004\073\004\076\004\063\004\070\004\071\004\075\000\040\004\101\004\102\004\065\004\072}{subsection.6.6}% 84
\BOOKMARK [2][-]{subsection.6.7}{\376\377\004\042\004\351\004\101\004\073\004\070\004\071\004\075\000\040\004\101\004\103\004\103\004\100\004\114\000\040\004\074\004\115\004\064\004\115\004\115\004\073\004\115\004\073}{section.6}% 85
\BOOKMARK [3][-]{subsubsection.6.7.1}{\376\377\004\041\004\060\004\073\004\061\004\060\004\100\004\113\004\075\000\040\004\075\004\351\004\105\004\106\004\351\004\073\000\040\004\061\004\060\004\071\004\064\004\060\004\073}{subsection.6.7}% 86
\BOOKMARK [3][-]{subsubsection.6.7.2}{\376\377\004\021\004\060\004\071\004\063\004\103\004\103\004\073\004\073\004\060\004\063\004\113\004\075\000\040\004\101\004\076\004\100\004\070\004\073\004\102\004\103\004\103\004\064}{subsection.6.7}% 87
\BOOKMARK [3][-]{subsubsection.6.7.3}{\376\377\004\042\004\351\004\101\004\073\004\070\004\071\004\075\000\040\004\257\004\257\004\101\004\115\004\073}{subsection.6.7}% 88
\BOOKMARK [2][-]{subsection.6.8}{\376\377\004\041\004\060\004\075\004\060\004\073\000\040\004\061\004\076\004\073\004\063\004\076\004\066\000\040\004\061\004\103\004\071\000\040\004\110\004\070\004\071\004\064\004\115\004\073}{section.6}% 89
\BOOKMARK [3][-]{subsubsection.6.8.1}{\376\377\004\050\004\070\004\071\004\064\004\073\004\070\004\071\004\075\000\040\004\102\004\076\004\071\004\074}{subsection.6.8}% 90
\BOOKMARK [3][-]{subsubsection.6.8.2}{\376\377\004\023\004\076\004\073\000\040\004\076\004\075\004\106\004\073\004\076\004\063\004\103\004\103\004\064}{subsection.6.8}% 91
\BOOKMARK [3][-]{subsubsection.6.8.3}{\376\377\004\021\004\060\004\071\004\100\004\110\004\103\004\103\004\073\004\060\004\073\004\102\004\113\004\075\000\040\004\067\004\060\004\063\004\062\004\060\004\100}{subsection.6.8}% 92
\BOOKMARK [2][-]{subsection.6.9}{\376\377\004\050\004\060\004\060\004\100\004\064\004\073\004\060\004\063\004\113\004\075\000\040\004\066\004\060\004\063\004\101\004\060\004\060\004\073\004\102}{section.6}% 93
\BOOKMARK [3][-]{subsubsection.6.9.1}{\376\377\004\050\004\060\004\060\004\100\004\064\004\073\004\060\004\063\004\113\004\075\000\040\004\102\004\076\004\064\004\076\004\100\004\105\004\076\004\071\004\073\004\076\004\073\004\102}{subsection.6.9}% 94
\BOOKMARK [3][-]{subsubsection.6.9.2}{\376\377\004\042\004\060\004\060\004\074\004\060\004\063\004\073\004\060\004\073\000\040\004\061\004\060\000\040\004\105\004\060\004\074\004\060\004\060\004\100\004\073\004\103\004\103\004\064}{subsection.6.9}% 95
\BOOKMARK [3][-]{subsubsection.6.9.3}{\376\377\004\055\004\100\004\101\004\064\004\115\004\073}{subsection.6.9}% 96
\BOOKMARK [2][-]{subsection.6.10}{\376\377\000U\000M\000L\000\040\004\064\004\070\004\060\004\063\004\100\004\060\004\074\004\074\004\103\004\103\004\064}{section.6}% 97
\BOOKMARK [3][-]{subsubsection.6.10.1}{\376\377\000U\000s\000e\000\040\000C\000a\000s\000e\000\040\004\064\004\070\004\060\004\063\004\100\004\060\004\074\004\074}{subsection.6.10}% 98
\BOOKMARK [3][-]{subsubsection.6.10.2}{\376\377\000C\000l\000a\000s\000s\000\040\004\064\004\070\004\060\004\063\004\100\004\060\004\074\004\074}{subsection.6.10}% 99
\BOOKMARK [3][-]{subsubsection.6.10.3}{\376\377\000A\000c\000t\000i\000v\000i\000t\000y\000\040\004\064\004\070\004\060\004\063\004\100\004\060\004\074\004\074}{subsection.6.10}% 100
\BOOKMARK [3][-]{subsubsection.6.10.4}{\376\377\000S\000e\000q\000u\000e\000n\000c\000e\000\040\004\064\004\070\004\060\004\063\004\100\004\060\004\074\004\074}{subsection.6.10}% 101
\BOOKMARK [2][-]{subsection.6.11}{\376\377\004\045\004\115\004\100\004\115\004\063\004\066\004\257\004\257\004\073\004\115\004\073\004\102}{section.6}% 102
\BOOKMARK [3][-]{subsubsection.6.11.1}{\376\377\004\045\004\115\004\100\004\115\004\063\004\073\004\115\004\063\004\107\004\070\004\071\004\075\000\040\004\074\004\076\004\064\004\103\004\073\004\114}{subsection.6.11}% 103
\BOOKMARK [3][-]{subsubsection.6.11.2}{\376\377\004\027\004\060\004\064\004\073\004\060\004\063\004\107}{subsection.6.11}% 104
\BOOKMARK [3][-]{subsubsection.6.11.3}{\376\377\004\023\004\100\004\060\004\104\004\070\004\072\004\070\004\071\004\075\000\040\004\105\004\115\004\100\004\115\004\063\004\073\004\115\004\063\004\107\004\070\004\071\004\075\000\040\004\070\004\075\004\102\004\065\004\100\004\104\004\115\004\071\004\101}{subsection.6.11}% 105
\BOOKMARK [2][-]{subsection.6.12}{\376\377\004\024\004\257\004\063\004\075\004\115\004\073\004\102}{section.6}% 106
\BOOKMARK [3][-]{subsubsection.6.12.1}{\376\377\004\020\004\074\004\066\004\070\004\073\004\102\004\103\004\103\004\064\004\113\004\075\000\040\004\102\004\076\004\062\004\107}{subsection.6.12}% 107
\BOOKMARK [3][-]{subsubsection.6.12.2}{\376\377\004\021\004\070\004\067\004\075\004\065\004\101\004\070\004\071\004\075\000\040\004\257\004\075\004\115\000\040\004\106\004\115\004\075\004\115}{subsection.6.12}% 108
\BOOKMARK [3][-]{subsubsection.6.12.3}{\376\377\004\030\004\100\004\115\004\115\004\064\004\257\004\071\004\075\000\040\004\101\004\060\004\071\004\066\004\100\004\103\004\103\004\073\004\060\004\073\004\102\004\103\004\103\004\064}{subsection.6.12}% 109
\BOOKMARK [2][-]{subsection.6.13}{\376\377\004\035\004\076\004\074\000\040\004\067\004\257\004\071}{section.6}% 110
\BOOKMARK [1][-]{appendix.A}{\376\377\004\037\004\100\004\076\004\063\004\100\004\060\004\074\004\074\004\113\004\075\000\040\004\072\004\076\004\064\004\113\004\075\000\040\004\105\004\115\004\101\004\063\004\115\004\115\004\101}{}% 111
\BOOKMARK [2][-]{subsection.A.1}{\376\377\004\027\004\060\004\105\004\070\004\060\004\073\004\063\004\060\000\040\004\105\004\257\004\073\004\115\004\115\004\075\000\040\004\060\004\062\004\060\004\105\000\040\004\104\004\103\004\075\004\072\004\106\000\040\000\050\000A\000t\000o\000m\000i\000c\000\040\000T\000r\000a\000n\000s\000a\000c\000t\000i\000o\000n\000\051}{appendix.A}% 112
\BOOKMARK [2][-]{subsection.A.2}{\376\377\000F\000i\000r\000e\000s\000t\000o\000r\000e\000\040\000S\000e\000c\000u\000r\000i\000t\000y\000\040\000R\000u\000l\000e\000s}{appendix.A}% 113
\BOOKMARK [2][-]{subsection.A.3}{\376\377\000F\000i\000r\000e\000b\000a\000s\000e\000\040\004\102\004\076\004\105\004\070\004\100\004\063\004\076\004\076\000\040\000\050\000f\000i\000r\000e\000b\000a\000s\000e\000.\000t\000s\000\051}{appendix.A}% 114
